2025-06-17 23:19:14 | 0.7464759349823s | SELECT SUM(total_points) as total FROM patients | Params: []
2025-06-17 23:19:56 | 41.880841970444s | SELECT * FROM transactions | Params: []
2025-06-17 23:20:01 | 0.70009303092957s | UPDATE patients SET tier_id = ? WHERE id = ? | Params: [3,1]
2025-06-17 23:20:07 | 0.77041506767273s | UPDATE patients SET total_points = total_points + ? WHERE id = ? | Params: [70,1]
2025-06-17 23:20:11 | 0.52017307281494s | UPDATE patients SET tier_id = ? WHERE id = ? | Params: [3,1]
2025-06-17 23:20:15 | 0.72470593452454s | UPDATE patients SET total_points = total_points + ? WHERE id = ? | Params: [5,1]
2025-06-17 23:20:20 | 0.73007583618164s | SELECT * FROM tiers WHERE min_points <= ? AND (max_points IS NULL OR max_points >= ?) ORDER BY min_points DESC LIMIT 1 | Params: [158455,158455]
2025-06-17 23:20:22 | 0.71966814994812s | UPDATE patients SET tier_id = ? WHERE id = ? | Params: [3,1]
2025-06-17 23:20:27 | 0.76523900032043s | UPDATE patients SET total_points = total_points + ? WHERE id = ? | Params: [70,1]
2025-06-17 23:20:30 | 0.70789098739624s | UPDATE patients SET tier_id = ? WHERE id = ? | Params: [3,1]
2025-06-17 23:20:32 | 0.71872591972351s | INSERT INTO points_ledger (UHID, points, type, reference_id, reference_type, description) 
                VALUES (?, ?, ?, ?, ?, ?) | Params: [1,5,"earn","93869","transaction","Points earned from transaction"]
2025-06-17 23:20:34 | 0.74373602867126s | SELECT total_points FROM patients WHERE id = ? | Params: [1]
2025-06-17 23:20:39 | 0.71571016311646s | SELECT total_points FROM patients WHERE id = ? | Params: [1]
2025-06-17 23:20:41 | 0.74566006660461s | SELECT * FROM tiers WHERE min_points <= ? AND (max_points IS NULL OR max_points >= ?) ORDER BY min_points DESC LIMIT 1 | Params: [158815,158815]
2025-06-17 23:21:32 | 28.367113113403s | SELECT * FROM transactions | Params: []
2025-06-17 23:21:36 | 0.52063512802124s | UPDATE patients SET tier_id = ? WHERE id = ? | Params: [3,1]
2025-06-17 23:21:48 | 0.56316208839417s | INSERT INTO transactions (UHID, Amount, ReffNo, points_earned) 
                VALUES (?, ?, ?, ?) | Params: [1,1500,"",15]
2025-06-17 23:21:53 | 0.50384306907654s | UPDATE patients SET total_points = total_points + ? WHERE id = ? | Params: [5,1]
2025-06-17 23:21:59 | 0.50559496879578s | SELECT * FROM tiers WHERE min_points <= ? AND (max_points IS NULL OR max_points >= ?) ORDER BY min_points DESC LIMIT 1 | Params: [159515,159515]
2025-06-17 23:22:07 | 0.52973198890686s | UPDATE patients SET total_points = total_points + ? WHERE id = ? | Params: [70,1]
2025-06-17 23:22:09 | 0.54827308654785s | INSERT INTO points_ledger (UHID, points, type, reference_id, reference_type, description) 
                VALUES (?, ?, ?, ?, ?, ?) | Params: [1,15,"earn","93905","transaction","Points earned from transaction"]
2025-06-17 23:22:12 | 0.63406205177307s | INSERT INTO transactions (UHID, Amount, ReffNo, points_earned) 
                VALUES (?, ?, ?, ?) | Params: [1,1500,"",15]
2025-06-17 23:22:14 | 0.62199211120605s | INSERT INTO points_ledger (UHID, points, type, reference_id, reference_type, description) 
                VALUES (?, ?, ?, ?, ?, ?) | Params: [1,5,"earn","93909","transaction","Points earned from transaction"]
2025-06-17 23:22:18 | 0.61093902587891s | SELECT total_points FROM patients WHERE id = ? | Params: [1]
2025-06-17 23:22:28 | 0.79468703269958s | UPDATE patients SET total_points = total_points + ? WHERE id = ? | Params: [15,1]
2025-06-17 23:22:32 | 0.77460908889771s | INSERT INTO points_ledger (UHID, points, type, reference_id, reference_type, description) 
                VALUES (?, ?, ?, ?, ?, ?) | Params: [1,70,"earn","93919","transaction","Points earned from transaction"]
2025-06-17 23:22:39 | 0.54922199249268s | UPDATE patients SET total_points = total_points + ? WHERE id = ? | Params: [5,1]
2025-06-17 23:22:52 | 0.65099596977234s | SELECT * FROM tiers WHERE min_points <= ? AND (max_points IS NULL OR max_points >= ?) ORDER BY min_points DESC LIMIT 1 | Params: [160520,160520]
2025-06-17 23:22:54 | 0.57016897201538s | SELECT * FROM tiers WHERE min_points <= ? AND (max_points IS NULL OR max_points >= ?) ORDER BY min_points DESC LIMIT 1 | Params: [160525,160525]
2025-06-17 23:23:11 | 0.55969214439392s | INSERT INTO transactions (UHID, Amount, ReffNo, points_earned) 
                VALUES (?, ?, ?, ?) | Params: [1,1500,"",15]
2025-06-17 23:23:23 | 0.76128792762756s | INSERT INTO points_ledger (UHID, points, type, reference_id, reference_type, description) 
                VALUES (?, ?, ?, ?, ?, ?) | Params: [1,5,"earn","93951","transaction","Points earned from transaction"]
2025-06-17 23:23:27 | 0.78090381622314s | SELECT total_points FROM patients WHERE id = ? | Params: [1]
2025-06-17 23:23:28 | 0.60856580734253s | INSERT INTO points_ledger (UHID, points, type, reference_id, reference_type, description) 
                VALUES (?, ?, ?, ?, ?, ?) | Params: [1,5,"earn","93954","transaction","Points earned from transaction"]
2025-06-17 23:23:32 | 0.62045383453369s | SELECT * FROM tiers WHERE min_points <= ? AND (max_points IS NULL OR max_points >= ?) ORDER BY min_points DESC LIMIT 1 | Params: [161240,161240]
2025-06-17 23:23:44 | 0.76887488365173s | SELECT total_points FROM patients WHERE id = ? | Params: [1]
2025-06-17 23:23:48 | 0.76938199996948s | UPDATE patients SET tier_id = ? WHERE id = ? | Params: [3,1]
2025-06-17 23:23:55 | 0.77301907539368s | SELECT total_points FROM patients WHERE id = ? | Params: [1]
2025-06-17 23:23:59 | 0.5740110874176s | UPDATE patients SET tier_id = ? WHERE id = ? | Params: [3,1]
2025-06-17 23:24:10 | 0.56838297843933s | UPDATE patients SET tier_id = ? WHERE id = ? | Params: [3,1]
2025-06-17 23:24:16 | 0.70122814178467s | SELECT total_points FROM patients WHERE id = ? | Params: [1]
2025-06-17 23:24:18 | 0.57389688491821s | SELECT total_points FROM patients WHERE id = ? | Params: [1]
2025-06-17 23:24:25 | 0.57864618301392s | UPDATE patients SET total_points = total_points + ? WHERE id = ? | Params: [15,1]
2025-06-17 23:24:29 | 0.59025502204895s | INSERT INTO points_ledger (UHID, points, type, reference_id, reference_type, description) 
                VALUES (?, ?, ?, ?, ?, ?) | Params: [1,70,"earn","93991","transaction","Points earned from transaction"]
2025-06-17 23:24:33 | 0.59582614898682s | SELECT * FROM tiers WHERE min_points <= ? AND (max_points IS NULL OR max_points >= ?) ORDER BY min_points DESC LIMIT 1 | Params: [162325,162325]
2025-06-17 23:24:41 | 0.56966400146484s | INSERT INTO transactions (UHID, Amount, ReffNo, points_earned) 
                VALUES (?, ?, ?, ?) | Params: [1,1500,"",15]
2025-06-17 23:24:50 | 0.57828092575073s | UPDATE patients SET total_points = total_points + ? WHERE id = ? | Params: [15,1]
2025-06-17 23:24:54 | 0.58537292480469s | SELECT total_points FROM patients WHERE id = ? | Params: [1]
2025-06-17 23:25:13 | 0.58467292785645s | INSERT INTO transactions (UHID, Amount, ReffNo, points_earned) 
                VALUES (?, ?, ?, ?) | Params: [1,7000,"",70]
2025-06-17 23:25:32 | 0.78508114814758s | SELECT * FROM tiers WHERE min_points <= ? AND (max_points IS NULL OR max_points >= ?) ORDER BY min_points DESC LIMIT 1 | Params: [163475,163475]
2025-06-17 23:25:47 | 0.78190994262695s | SELECT total_points FROM patients WHERE id = ? | Params: [1]
2025-06-17 23:25:49 | 0.81664490699768s | SELECT total_points FROM patients WHERE id = ? | Params: [1]
2025-06-17 23:25:55 | 0.75749492645264s | UPDATE patients SET total_points = total_points + ? WHERE id = ? | Params: [15,1]
2025-06-17 23:26:01 | 0.56806802749634s | INSERT INTO transactions (UHID, Amount, ReffNo, points_earned) 
                VALUES (?, ?, ?, ?) | Params: [1,1500,"",15]
2025-06-17 23:26:14 | 0.7661759853363s | UPDATE patients SET total_points = total_points + ? WHERE id = ? | Params: [5,1]
2025-06-17 23:26:20 | 0.77640390396118s | UPDATE patients SET tier_id = ? WHERE id = ? | Params: [3,1]
2025-06-17 23:26:25 | 0.76921391487122s | INSERT INTO points_ledger (UHID, points, type, reference_id, reference_type, description) 
                VALUES (?, ?, ?, ?, ?, ?) | Params: [1,70,"earn","94060","transaction","Points earned from transaction"]
2025-06-17 23:26:35 | 0.76191997528076s | INSERT INTO transactions (UHID, Amount, ReffNo, points_earned) 
                VALUES (?, ?, ?, ?) | Params: [1,7000,"",70]
2025-06-17 23:26:50 | 0.59505891799927s | SELECT total_points FROM patients WHERE id = ? | Params: [1]
2025-06-17 23:26:55 | 0.58344197273254s | UPDATE patients SET total_points = total_points + ? WHERE id = ? | Params: [5,1]
2025-06-17 23:27:01 | 0.55598711967468s | UPDATE patients SET tier_id = ? WHERE id = ? | Params: [3,1]
2025-06-17 23:27:07 | 0.56114602088928s | SELECT total_points FROM patients WHERE id = ? | Params: [1]
2025-06-17 23:27:11 | 0.5614800453186s | UPDATE patients SET tier_id = ? WHERE id = ? | Params: [3,1]
2025-06-17 23:27:20 | 0.57369899749756s | SELECT total_points FROM patients WHERE id = ? | Params: [1]
2025-06-17 23:27:28 | 0.57047510147095s | UPDATE patients SET total_points = total_points + ? WHERE id = ? | Params: [15,1]
2025-06-17 23:27:32 | 0.58676600456238s | INSERT INTO points_ledger (UHID, points, type, reference_id, reference_type, description) 
                VALUES (?, ?, ?, ?, ?, ?) | Params: [1,70,"earn","94102","transaction","Points earned from transaction"]
2025-06-17 23:27:41 | 0.59661602973938s | INSERT INTO transactions (UHID, Amount, ReffNo, points_earned) 
                VALUES (?, ?, ?, ?) | Params: [1,7000,"",70]
2025-06-17 23:27:43 | 0.63731479644775s | INSERT INTO transactions (UHID, Amount, ReffNo, points_earned) 
                VALUES (?, ?, ?, ?) | Params: [1,1500,"",15]
2025-06-17 23:27:45 | 0.61750292778015s | SELECT * FROM tiers WHERE min_points <= ? AND (max_points IS NULL OR max_points >= ?) ORDER BY min_points DESC LIMIT 1 | Params: [165835,165835]
2025-06-17 23:27:58 | 0.58076596260071s | INSERT INTO points_ledger (UHID, points, type, reference_id, reference_type, description) 
                VALUES (?, ?, ?, ?, ?, ?) | Params: [1,15,"earn","94118","transaction","Points earned from transaction"]
2025-06-17 23:28:10 | 0.76992607116699s | SELECT total_points FROM patients WHERE id = ? | Params: [1]
2025-06-17 23:28:11 | 0.88722896575928s | SELECT * FROM tiers WHERE min_points <= ? AND (max_points IS NULL OR max_points >= ?) ORDER BY min_points DESC LIMIT 1 | Params: [166285,166285]
2025-06-17 23:28:13 | 0.58029580116272s | INSERT INTO transactions (UHID, Amount, ReffNo, points_earned) 
                VALUES (?, ?, ?, ?) | Params: [1,1500,"",15]
2025-06-17 23:28:17 | 0.76748609542847s | SELECT * FROM tiers WHERE min_points <= ? AND (max_points IS NULL OR max_points >= ?) ORDER BY min_points DESC LIMIT 1 | Params: [166445,166445]
2025-06-17 23:28:25 | 0.77904915809631s | UPDATE patients SET total_points = total_points + ? WHERE id = ? | Params: [5,1]
2025-06-17 23:28:29 | 0.78825283050537s | INSERT INTO points_ledger (UHID, points, type, reference_id, reference_type, description) 
                VALUES (?, ?, ?, ?, ?, ?) | Params: [1,5,"earn","94136","transaction","Points earned from transaction"]
2025-06-17 23:28:40 | 0.75949287414551s | SELECT * FROM tiers WHERE min_points <= ? AND (max_points IS NULL OR max_points >= ?) ORDER BY min_points DESC LIMIT 1 | Params: [166880,166880]
2025-06-17 23:28:57 | 0.77102613449097s | INSERT INTO points_ledger (UHID, points, type, reference_id, reference_type, description) 
                VALUES (?, ?, ?, ?, ?, ?) | Params: [1,70,"earn","94155","transaction","Points earned from transaction"]
2025-06-17 23:29:11 | 0.77052402496338s | INSERT INTO transactions (UHID, Amount, ReffNo, points_earned) 
                VALUES (?, ?, ?, ?) | Params: [1,7000,"",70]
2025-06-17 23:29:20 | 0.7699248790741s | SELECT * FROM tiers WHERE min_points <= ? AND (max_points IS NULL OR max_points >= ?) ORDER BY min_points DESC LIMIT 1 | Params: [167690,167690]
2025-06-17 23:29:28 | 0.76409888267517s | SELECT * FROM tiers WHERE min_points <= ? AND (max_points IS NULL OR max_points >= ?) ORDER BY min_points DESC LIMIT 1 | Params: [167810,167810]
2025-06-17 23:29:43 | 0.75988984107971s | SELECT * FROM tiers WHERE min_points <= ? AND (max_points IS NULL OR max_points >= ?) ORDER BY min_points DESC LIMIT 1 | Params: [168085,168085]
2025-06-17 23:30:02 | 0.76045608520508s | INSERT INTO points_ledger (UHID, points, type, reference_id, reference_type, description) 
                VALUES (?, ?, ?, ?, ?, ?) | Params: [1,70,"earn","94198","transaction","Points earned from transaction"]
2025-06-17 23:30:19 | 0.75282096862793s | SELECT * FROM tiers WHERE min_points <= ? AND (max_points IS NULL OR max_points >= ?) ORDER BY min_points DESC LIMIT 1 | Params: [168805,168805]
2025-06-17 23:30:22 | 0.56774210929871s | SELECT total_points FROM patients WHERE id = ? | Params: [1]
2025-06-17 23:30:24 | 0.75973606109619s | SELECT total_points FROM patients WHERE id = ? | Params: [1]
2025-06-17 23:30:28 | 0.75939321517944s | UPDATE patients SET tier_id = ? WHERE id = ? | Params: [3,1]
2025-06-17 23:30:33 | 0.55729794502258s | SELECT total_points FROM patients WHERE id = ? | Params: [1]
2025-06-17 23:30:35 | 0.7595579624176s | SELECT total_points FROM patients WHERE id = ? | Params: [1]
2025-06-17 23:30:37 | 0.76527500152588s | INSERT INTO points_ledger (UHID, points, type, reference_id, reference_type, description) 
                VALUES (?, ?, ?, ?, ?, ?) | Params: [1,15,"earn","94220","transaction","Points earned from transaction"]
2025-06-17 23:30:49 | 0.75876617431641s | SELECT * FROM tiers WHERE min_points <= ? AND (max_points IS NULL OR max_points >= ?) ORDER BY min_points DESC LIMIT 1 | Params: [169345,169345]
2025-06-17 23:30:54 | 0.76168394088745s | INSERT INTO transactions (UHID, Amount, ReffNo, points_earned) 
                VALUES (?, ?, ?, ?) | Params: [1,7000,"",70]
2025-06-17 23:31:04 | 0.79345083236694s | UPDATE patients SET total_points = total_points + ? WHERE id = ? | Params: [70,1]
2025-06-17 23:31:09 | 0.76511406898499s | UPDATE patients SET tier_id = ? WHERE id = ? | Params: [3,1]
2025-06-17 23:31:15 | 0.76270699501038s | INSERT INTO points_ledger (UHID, points, type, reference_id, reference_type, description) 
                VALUES (?, ?, ?, ?, ?, ?) | Params: [1,15,"earn","94244","transaction","Points earned from transaction"]
2025-06-17 23:31:44 | 0.77995014190674s | INSERT INTO transactions (UHID, Amount, ReffNo, points_earned) 
                VALUES (?, ?, ?, ?) | Params: [1,1500,"",15]
2025-06-17 23:31:49 | 0.77414083480835s | UPDATE patients SET total_points = total_points + ? WHERE id = ? | Params: [70,1]
2025-06-17 23:31:53 | 0.78580403327942s | INSERT INTO points_ledger (UHID, points, type, reference_id, reference_type, description) 
                VALUES (?, ?, ?, ?, ?, ?) | Params: [1,5,"earn","94265","transaction","Points earned from transaction"]
2025-06-17 23:31:59 | 0.57570290565491s | UPDATE patients SET tier_id = ? WHERE id = ? | Params: [3,1]
2025-06-17 23:32:03 | 0.76738500595093s | UPDATE patients SET total_points = total_points + ? WHERE id = ? | Params: [5,1]
2025-06-17 23:32:08 | 0.75054383277893s | UPDATE patients SET tier_id = ? WHERE id = ? | Params: [3,1]
2025-06-17 23:32:14 | 0.77095293998718s | INSERT INTO transactions (UHID, Amount, ReffNo, points_earned) 
                VALUES (?, ?, ?, ?) | Params: [1,7000,"",70]
2025-06-17 23:32:22 | 0.75017404556274s | INSERT INTO transactions (UHID, Amount, ReffNo, points_earned) 
                VALUES (?, ?, ?, ?) | Params: [1,500,"",5]
2025-06-17 23:32:33 | 0.76056385040283s | SELECT * FROM tiers WHERE min_points <= ? AND (max_points IS NULL OR max_points >= ?) ORDER BY min_points DESC LIMIT 1 | Params: [171290,171290]
2025-06-17 23:32:39 | 0.76123309135437s | INSERT INTO transactions (UHID, Amount, ReffNo, points_earned) 
                VALUES (?, ?, ?, ?) | Params: [1,1500,"",15]
2025-06-17 23:32:46 | 0.71936821937561s | SELECT total_points FROM patients WHERE id = ? | Params: [1]
2025-06-17 23:32:48 | 0.53473806381226s | SELECT * FROM tiers WHERE min_points <= ? AND (max_points IS NULL OR max_points >= ?) ORDER BY min_points DESC LIMIT 1 | Params: [171575,171575]
2025-06-17 23:32:54 | 0.69711303710938s | UPDATE patients SET tier_id = ? WHERE id = ? | Params: [3,1]
2025-06-17 23:33:02 | 0.70620894432068s | INSERT INTO transactions (UHID, Amount, ReffNo, points_earned) 
                VALUES (?, ?, ?, ?) | Params: [1,1500,"",15]
2025-06-17 23:33:03 | 0.67630815505981s | INSERT INTO points_ledger (UHID, points, type, reference_id, reference_type, description) 
                VALUES (?, ?, ?, ?, ?, ?) | Params: [1,5,"earn","94311","transaction","Points earned from transaction"]
2025-06-17 23:33:07 | 0.71576499938965s | UPDATE patients SET total_points = total_points + ? WHERE id = ? | Params: [5,1]
2025-06-17 23:33:09 | 0.53013682365417s | INSERT INTO transactions (UHID, Amount, ReffNo, points_earned) 
                VALUES (?, ?, ?, ?) | Params: [1,7000,"",70]
2025-06-17 23:33:13 | 0.68152689933777s | UPDATE patients SET total_points = total_points + ? WHERE id = ? | Params: [70,1]
2025-06-17 23:33:20 | 0.5335168838501s | INSERT INTO transactions (UHID, Amount, ReffNo, points_earned) 
                VALUES (?, ?, ?, ?) | Params: [1,7000,"",70]
2025-06-17 23:33:22 | 0.51511716842651s | SELECT total_points FROM patients WHERE id = ? | Params: [1]
2025-06-17 23:33:24 | 0.50034284591675s | UPDATE patients SET tier_id = ? WHERE id = ? | Params: [3,1]
2025-06-17 23:33:28 | 0.50504994392395s | SELECT total_points FROM patients WHERE id = ? | Params: [1]
2025-06-17 23:33:30 | 0.52138090133667s | UPDATE patients SET tier_id = ? WHERE id = ? | Params: [3,1]
2025-06-17 23:33:34 | 0.53499603271484s | SELECT * FROM tiers WHERE min_points <= ? AND (max_points IS NULL OR max_points >= ?) ORDER BY min_points DESC LIMIT 1 | Params: [172550,172550]
2025-06-17 23:33:43 | 0.70002603530884s | INSERT INTO transactions (UHID, Amount, ReffNo, points_earned) 
                VALUES (?, ?, ?, ?) | Params: [1,1500,"",15]
2025-06-17 23:33:49 | 0.73128390312195s | UPDATE patients SET total_points = total_points + ? WHERE id = ? | Params: [5,1]
2025-06-17 23:33:55 | 0.71314978599548s | INSERT INTO points_ledger (UHID, points, type, reference_id, reference_type, description) 
                VALUES (?, ?, ?, ?, ?, ?) | Params: [1,70,"earn","94347","transaction","Points earned from transaction"]
2025-06-17 23:33:57 | 0.7140040397644s | SELECT total_points FROM patients WHERE id = ? | Params: [1]
2025-06-17 23:33:58 | 0.55694389343262s | SELECT * FROM tiers WHERE min_points <= ? AND (max_points IS NULL OR max_points >= ?) ORDER BY min_points DESC LIMIT 1 | Params: [173020,173020]
2025-06-17 23:34:02 | 0.57470703125s | INSERT INTO transactions (UHID, Amount, ReffNo, points_earned) 
                VALUES (?, ?, ?, ?) | Params: [1,500,"",5]
2025-06-17 23:34:04 | 0.52337408065796s | SELECT total_points FROM patients WHERE id = ? | Params: [1]
2025-06-17 23:34:14 | 0.61778211593628s | UPDATE patients SET total_points = total_points + ? WHERE id = ? | Params: [15,1]
2025-06-17 23:34:17 | 0.59134316444397s | SELECT total_points FROM patients WHERE id = ? | Params: [1]
2025-06-17 23:34:27 | 0.56958293914795s | INSERT INTO points_ledger (UHID, points, type, reference_id, reference_type, description) 
                VALUES (?, ?, ?, ?, ?, ?) | Params: [1,70,"earn","94369","transaction","Points earned from transaction"]
2025-06-17 23:34:33 | 0.76452398300171s | UPDATE patients SET total_points = total_points + ? WHERE id = ? | Params: [15,1]
2025-06-17 23:34:37 | 0.74429988861084s | INSERT INTO points_ledger (UHID, points, type, reference_id, reference_type, description) 
                VALUES (?, ?, ?, ?, ?, ?) | Params: [1,70,"earn","94375","transaction","Points earned from transaction"]
2025-06-17 23:34:40 | 0.77919101715088s | SELECT total_points FROM patients WHERE id = ? | Params: [1]
2025-06-17 23:34:44 | 0.72568416595459s | UPDATE patients SET tier_id = ? WHERE id = ? | Params: [3,1]
2025-06-17 23:34:50 | 0.63826608657837s | INSERT INTO points_ledger (UHID, points, type, reference_id, reference_type, description) 
                VALUES (?, ?, ?, ?, ?, ?) | Params: [1,70,"earn","94383","transaction","Points earned from transaction"]
2025-06-17 23:34:52 | 0.58823204040527s | INSERT INTO points_ledger (UHID, points, type, reference_id, reference_type, description) 
                VALUES (?, ?, ?, ?, ?, ?) | Params: [1,15,"earn","94384","transaction","Points earned from transaction"]
2025-06-17 23:34:57 | 0.57008409500122s | UPDATE patients SET total_points = total_points + ? WHERE id = ? | Params: [5,1]
2025-06-17 23:35:01 | 0.59204387664795s | INSERT INTO transactions (UHID, Amount, ReffNo, points_earned) 
                VALUES (?, ?, ?, ?) | Params: [1,1500,"",15]
2025-06-17 23:35:05 | 0.6118700504303s | SELECT total_points FROM patients WHERE id = ? | Params: [1]
2025-06-17 23:35:09 | 0.57520508766174s | UPDATE patients SET tier_id = ? WHERE id = ? | Params: [3,1]
2025-06-17 23:35:16 | 0.79516100883484s | INSERT INTO transactions (UHID, Amount, ReffNo, points_earned) 
                VALUES (?, ?, ?, ?) | Params: [1,1500,"",15]
2025-06-17 23:35:20 | 0.68012881278992s | INSERT INTO points_ledger (UHID, points, type, reference_id, reference_type, description) 
                VALUES (?, ?, ?, ?, ?, ?) | Params: [1,70,"earn","94401","transaction","Points earned from transaction"]
2025-06-17 23:35:22 | 0.57819890975952s | INSERT INTO points_ledger (UHID, points, type, reference_id, reference_type, description) 
                VALUES (?, ?, ?, ?, ?, ?) | Params: [1,15,"earn","94402","transaction","Points earned from transaction"]
2025-06-17 23:35:28 | 0.59266996383667s | UPDATE patients SET tier_id = ? WHERE id = ? | Params: [3,1]
2025-06-17 23:35:33 | 0.57331299781799s | SELECT total_points FROM patients WHERE id = ? | Params: [1]
2025-06-17 23:35:39 | 0.57126379013062s | UPDATE patients SET total_points = total_points + ? WHERE id = ? | Params: [5,1]
2025-06-17 23:35:54 | 0.57228207588196s | UPDATE patients SET tier_id = ? WHERE id = ? | Params: [3,1]
2025-06-17 23:36:02 | 0.64841079711914s | UPDATE patients SET total_points = total_points + ? WHERE id = ? | Params: [5,1]
2025-06-17 23:36:11 | 0.58134794235229s | INSERT INTO transactions (UHID, Amount, ReffNo, points_earned) 
                VALUES (?, ?, ?, ?) | Params: [1,500,"",5]
2025-06-17 23:36:15 | 0.79212498664856s | SELECT total_points FROM patients WHERE id = ? | Params: [1]
2025-06-17 23:36:17 | 0.58636403083801s | INSERT INTO points_ledger (UHID, points, type, reference_id, reference_type, description) 
                VALUES (?, ?, ?, ?, ?, ?) | Params: [1,5,"earn","94436","transaction","Points earned from transaction"]
2025-06-17 23:36:23 | 0.70476388931274s | UPDATE patients SET total_points = total_points + ? WHERE id = ? | Params: [70,1]
2025-06-17 23:36:25 | 0.56105995178223s | UPDATE patients SET total_points = total_points + ? WHERE id = ? | Params: [15,1]
2025-06-17 23:36:29 | 0.60588383674622s | SELECT total_points FROM patients WHERE id = ? | Params: [1]
