[2025-06-15 13:33:01] Processed 0 files
[2025-06-15 13:33:01] Processed 0 files
[2025-06-15 13:35:01] Processed 0 files
[2025-06-15 13:35:01] Processed 0 files
[2025-06-15 13:35:01] Processed 0 files
[2025-06-15 13:35:52] Processed 0 files
[2025-06-15 13:36:02] Processed 0 files
[2025-06-15 13:36:02] Processed 0 files
[2025-06-15 13:37:42] Processed 0 files
[2025-06-15 13:38:33] Processed 0 files
[2025-06-15 13:38:50] Processed 0 files
[2025-06-15 13:39:01] Processed 0 files
[2025-06-15 13:39:01] Processed 0 files
[2025-06-15 13:40:01] Processed 1 files
- Untitled.csv: 0 lines processed
Errors:
- Error processing line 2 in Untitled.csv: SQLSTATE[42S22]: Column not found: 1054 Unknown column 'transaction_id' in 'where clause'
- Error processing line 3 in Untitled.csv: SQLSTATE[42S22]: Column not found: 1054 Unknown column 'transaction_id' in 'where clause'
- Error processing line 4 in Untitled.csv: SQLSTATE[42S22]: Column not found: 1054 Unknown column 'transaction_id' in 'where clause'
- Error processing line 5 in Untitled.csv: SQLSTATE[42S22]: Column not found: 1054 Unknown column 'transaction_id' in 'where clause'
- Error processing line 6 in Untitled.csv: SQLSTATE[42S22]: Column not found: 1054 Unknown column 'transaction_id' in 'where clause'
- Error processing line 7 in Untitled.csv: SQLSTATE[42S22]: Column not found: 1054 Unknown column 'transaction_id' in 'where clause'
- Error processing line 8 in Untitled.csv: SQLSTATE[42S22]: Column not found: 1054 Unknown column 'transaction_id' in 'where clause'
- Error processing line 9 in Untitled.csv: SQLSTATE[42S22]: Column not found: 1054 Unknown column 'transaction_id' in 'where clause'
- Error processing line 10 in Untitled.csv: SQLSTATE[42S22]: Column not found: 1054 Unknown column 'transaction_id' in 'where clause'
- Error processing line 11 in Untitled.csv: SQLSTATE[42S22]: Column not found: 1054 Unknown column 'transaction_id' in 'where clause'
- Error processing line 12 in Untitled.csv: SQLSTATE[42S22]: Column not found: 1054 Unknown column 'transaction_id' in 'where clause'
- Error processing line 13 in Untitled.csv: SQLSTATE[42S22]: Column not found: 1054 Unknown column 'transaction_id' in 'where clause'
- Error processing line 14 in Untitled.csv: SQLSTATE[42S22]: Column not found: 1054 Unknown column 'transaction_id' in 'where clause'
- Error processing line 15 in Untitled.csv: SQLSTATE[42S22]: Column not found: 1054 Unknown column 'transaction_id' in 'where clause'
- Error processing line 16 in Untitled.csv: SQLSTATE[42S22]: Column not found: 1054 Unknown column 'transaction_id' in 'where clause'
- Error processing line 17 in Untitled.csv: SQLSTATE[42S22]: Column not found: 1054 Unknown column 'transaction_id' in 'where clause'
- Error processing line 18 in Untitled.csv: SQLSTATE[42S22]: Column not found: 1054 Unknown column 'transaction_id' in 'where clause'
- Error processing line 19 in Untitled.csv: SQLSTATE[42S22]: Column not found: 1054 Unknown column 'transaction_id' in 'where clause'
- Error processing line 20 in Untitled.csv: SQLSTATE[42S22]: Column not found: 1054 Unknown column 'transaction_id' in 'where clause'
- Error processing line 21 in Untitled.csv: SQLSTATE[42S22]: Column not found: 1054 Unknown column 'transaction_id' in 'where clause'
- Error processing line 22 in Untitled.csv: SQLSTATE[42S22]: Column not found: 1054 Unknown column 'transaction_id' in 'where clause'
- Error processing line 23 in Untitled.csv: SQLSTATE[42S22]: Column not found: 1054 Unknown column 'transaction_id' in 'where clause'
- Error processing line 24 in Untitled.csv: SQLSTATE[42S22]: Column not found: 1054 Unknown column 'transaction_id' in 'where clause'
[2025-06-15 13:42:02] Processed 0 files
[2025-06-15 13:42:02] Processed 0 files
[2025-06-14 09:05:02] Processed 1 files
- Untitled.csv: 0 lines processed
Errors:
- Error processing line 2 in Untitled.csv: SQLSTATE[42S22]: Column not found: 1054 Unknown column 'transaction_id' in 'where clause'
- Error processing line 3 in Untitled.csv: SQLSTATE[42S22]: Column not found: 1054 Unknown column 'transaction_id' in 'where clause'
- Error processing line 4 in Untitled.csv: SQLSTATE[42S22]: Column not found: 1054 Unknown column 'transaction_id' in 'where clause'
- Error processing line 5 in Untitled.csv: SQLSTATE[42S22]: Column not found: 1054 Unknown column 'transaction_id' in 'where clause'
- Error processing line 6 in Untitled.csv: SQLSTATE[42S22]: Column not found: 1054 Unknown column 'transaction_id' in 'where clause'
- Error processing line 7 in Untitled.csv: SQLSTATE[42S22]: Column not found: 1054 Unknown column 'transaction_id' in 'where clause'
- Error processing line 8 in Untitled.csv: SQLSTATE[42S22]: Column not found: 1054 Unknown column 'transaction_id' in 'where clause'
- Error processing line 9 in Untitled.csv: SQLSTATE[42S22]: Column not found: 1054 Unknown column 'transaction_id' in 'where clause'
- Error processing line 10 in Untitled.csv: SQLSTATE[42S22]: Column not found: 1054 Unknown column 'transaction_id' in 'where clause'
- Error processing line 11 in Untitled.csv: SQLSTATE[42S22]: Column not found: 1054 Unknown column 'transaction_id' in 'where clause'
- Error processing line 12 in Untitled.csv: SQLSTATE[42S22]: Column not found: 1054 Unknown column 'transaction_id' in 'where clause'
- Error processing line 13 in Untitled.csv: SQLSTATE[42S22]: Column not found: 1054 Unknown column 'transaction_id' in 'where clause'
- Error processing line 14 in Untitled.csv: SQLSTATE[42S22]: Column not found: 1054 Unknown column 'transaction_id' in 'where clause'
- Error processing line 15 in Untitled.csv: SQLSTATE[42S22]: Column not found: 1054 Unknown column 'transaction_id' in 'where clause'
- Error processing line 16 in Untitled.csv: SQLSTATE[42S22]: Column not found: 1054 Unknown column 'transaction_id' in 'where clause'
- Error processing line 17 in Untitled.csv: SQLSTATE[42S22]: Column not found: 1054 Unknown column 'transaction_id' in 'where clause'
- Error processing line 18 in Untitled.csv: SQLSTATE[42S22]: Column not found: 1054 Unknown column 'transaction_id' in 'where clause'
- Error processing line 19 in Untitled.csv: SQLSTATE[42S22]: Column not found: 1054 Unknown column 'transaction_id' in 'where clause'
- Error processing line 20 in Untitled.csv: SQLSTATE[42S22]: Column not found: 1054 Unknown column 'transaction_id' in 'where clause'
- Error processing line 21 in Untitled.csv: SQLSTATE[42S22]: Column not found: 1054 Unknown column 'transaction_id' in 'where clause'
- Error processing line 22 in Untitled.csv: SQLSTATE[42S22]: Column not found: 1054 Unknown column 'transaction_id' in 'where clause'
- Error processing line 23 in Untitled.csv: SQLSTATE[42S22]: Column not found: 1054 Unknown column 'transaction_id' in 'where clause'
- Error processing line 24 in Untitled.csv: SQLSTATE[42S22]: Column not found: 1054 Unknown column 'transaction_id' in 'where clause'
[2025-06-14 09:06:01] Processed 0 files
[2025-06-14 09:06:01] Processed 0 files
[2025-06-14 09:09:01] Processed 0 files
[2025-06-14 09:09:01] Processed 0 files
[2025-06-14 09:10:01] Processed 0 files
[2025-06-14 09:10:01] Processed 0 files
[2025-06-14 09:10:01] Processed 0 files
[2025-06-14 09:10:01] Processed 0 files
[2025-06-14 09:12:01] Processed 0 files
[2025-06-14 09:12:01] Processed 0 files
[2025-06-14 09:15:01] Processed 0 files
[2025-06-14 09:15:01] Processed 0 files
[2025-06-14 09:15:01] Processed 0 files
[2025-06-14 09:15:01] Processed 0 files
[2025-06-14 09:15:01] Processed 0 files
[2025-06-14 09:15:01] Processed 0 files
[2025-06-14 09:18:01] Processed 0 files
[2025-06-14 09:18:01] Processed 0 files
[2025-06-14 09:20:01] Processed 0 files
[2025-06-14 09:20:01] Processed 0 files
[2025-06-14 09:20:01] Processed 0 files
[2025-06-14 09:20:01] Processed 0 files
[2025-06-14 09:21:01] Processed 0 files
[2025-06-14 09:21:01] Processed 0 files
[2025-06-14 09:24:01] Processed 0 files
[2025-06-14 09:24:01] Processed 0 files
[2025-06-14 09:25:01] Processed 0 files
[2025-06-14 09:25:01] Processed 0 files
[2025-06-14 09:25:01] Processed 0 files
[2025-06-14 09:25:01] Processed 0 files
[2025-06-14 09:27:01] Processed 0 files
[2025-06-14 09:27:01] Processed 0 files
[2025-06-14 09:30:01] Processed 0 files
[2025-06-14 09:30:01] Processed 0 files
[2025-06-14 09:30:01] Processed 0 files
[2025-06-14 09:30:01] Processed 0 files
[2025-06-14 09:30:01] Processed 0 files
[2025-06-14 09:30:01] Processed 0 files
[2025-06-14 09:33:01] Processed 0 files
[2025-06-14 09:33:01] Processed 0 files
[2025-06-14 09:35:01] Processed 0 files
[2025-06-14 09:35:01] Processed 0 files
[2025-06-14 09:35:01] Processed 0 files
[2025-06-14 09:35:01] Processed 0 files
[2025-06-14 09:36:01] Processed 0 files
[2025-06-14 09:36:01] Processed 0 files
[2025-06-14 09:39:01] Processed 0 files
[2025-06-14 09:39:01] Processed 0 files
[2025-06-14 09:40:01] Processed 0 files
[2025-06-14 09:40:01] Processed 0 files
[2025-06-14 09:40:01] Processed 0 files
[2025-06-14 09:40:01] Processed 0 files
[2025-06-14 09:42:01] Processed 0 files
[2025-06-14 09:42:01] Processed 0 files
[2025-06-14 09:45:02] Processed 0 files
[2025-06-14 09:45:02] Processed 0 files
[2025-06-14 09:45:02] Processed 0 files
[2025-06-14 09:45:02] Processed 0 files
[2025-06-14 09:45:02] Processed 0 files
[2025-06-14 09:45:02] Processed 0 files
[2025-06-14 09:48:01] Processed 0 files
[2025-06-14 09:48:01] Processed 0 files
[2025-06-14 09:50:01] Processed 0 files
[2025-06-14 09:50:01] Processed 0 files
[2025-06-14 09:50:01] Processed 0 files
[2025-06-14 09:50:01] Processed 0 files
[2025-06-14 09:51:02] Processed 0 files
[2025-06-14 09:51:02] Processed 0 files
[2025-06-14 09:54:01] Processed 1 files
- Untitled.csv: 0 lines processed
Errors:
- Error processing line 2 in Untitled.csv: SQLSTATE[42S22]: Column not found: 1054 Unknown column 'transaction_id' in 'where clause'
- Error processing line 3 in Untitled.csv: SQLSTATE[42S22]: Column not found: 1054 Unknown column 'transaction_id' in 'where clause'
- Error processing line 4 in Untitled.csv: SQLSTATE[42S22]: Column not found: 1054 Unknown column 'transaction_id' in 'where clause'
- Error processing line 5 in Untitled.csv: SQLSTATE[42S22]: Column not found: 1054 Unknown column 'transaction_id' in 'where clause'
- Error processing line 6 in Untitled.csv: SQLSTATE[42S22]: Column not found: 1054 Unknown column 'transaction_id' in 'where clause'
- Error processing line 7 in Untitled.csv: SQLSTATE[42S22]: Column not found: 1054 Unknown column 'transaction_id' in 'where clause'
- Error processing line 8 in Untitled.csv: SQLSTATE[42S22]: Column not found: 1054 Unknown column 'transaction_id' in 'where clause'
- Error processing line 9 in Untitled.csv: SQLSTATE[42S22]: Column not found: 1054 Unknown column 'transaction_id' in 'where clause'
- Error processing line 10 in Untitled.csv: SQLSTATE[42S22]: Column not found: 1054 Unknown column 'transaction_id' in 'where clause'
- Error processing line 11 in Untitled.csv: SQLSTATE[42S22]: Column not found: 1054 Unknown column 'transaction_id' in 'where clause'
- Error processing line 12 in Untitled.csv: SQLSTATE[42S22]: Column not found: 1054 Unknown column 'transaction_id' in 'where clause'
- Error processing line 13 in Untitled.csv: SQLSTATE[42S22]: Column not found: 1054 Unknown column 'transaction_id' in 'where clause'
- Error processing line 14 in Untitled.csv: SQLSTATE[42S22]: Column not found: 1054 Unknown column 'transaction_id' in 'where clause'
- Error processing line 15 in Untitled.csv: SQLSTATE[42S22]: Column not found: 1054 Unknown column 'transaction_id' in 'where clause'
- Error processing line 16 in Untitled.csv: SQLSTATE[42S22]: Column not found: 1054 Unknown column 'transaction_id' in 'where clause'
- Error processing line 17 in Untitled.csv: SQLSTATE[42S22]: Column not found: 1054 Unknown column 'transaction_id' in 'where clause'
- Error processing line 18 in Untitled.csv: SQLSTATE[42S22]: Column not found: 1054 Unknown column 'transaction_id' in 'where clause'
- Error processing line 19 in Untitled.csv: SQLSTATE[42S22]: Column not found: 1054 Unknown column 'transaction_id' in 'where clause'
- Error processing line 20 in Untitled.csv: SQLSTATE[42S22]: Column not found: 1054 Unknown column 'transaction_id' in 'where clause'
- Error processing line 21 in Untitled.csv: SQLSTATE[42S22]: Column not found: 1054 Unknown column 'transaction_id' in 'where clause'
- Error processing line 22 in Untitled.csv: SQLSTATE[42S22]: Column not found: 1054 Unknown column 'transaction_id' in 'where clause'
- Error processing line 23 in Untitled.csv: SQLSTATE[42S22]: Column not found: 1054 Unknown column 'transaction_id' in 'where clause'
- Error processing line 24 in Untitled.csv: SQLSTATE[42S22]: Column not found: 1054 Unknown column 'transaction_id' in 'where clause'
[2025-06-14 09:55:01] Processed 0 files
[2025-06-14 09:55:01] Processed 0 files
[2025-06-14 09:55:01] Processed 0 files
[2025-06-14 09:55:01] Processed 0 files
[2025-06-14 09:57:01] Processed 0 files
[2025-06-14 09:57:01] Processed 0 files
[2025-06-14 10:00:01] Processed 0 files
[2025-06-14 10:00:01] Processed 0 files
[2025-06-14 10:00:01] Processed 0 files
[2025-06-14 10:00:01] Processed 0 files
[2025-06-14 10:00:01] Processed 0 files
[2025-06-14 10:00:01] Processed 0 files
[2025-06-14 10:03:01] Processed 0 files
[2025-06-14 10:03:01] Processed 0 files
[2025-06-14 10:05:02] Processed 0 files
[2025-06-14 10:05:02] Processed 0 files
[2025-06-14 10:05:02] Processed 0 files
[2025-06-14 10:05:02] Processed 0 files
[2025-06-14 10:06:01] Processed 0 files
[2025-06-14 10:06:01] Processed 0 files
[2025-06-14 10:15:01] Processed 0 files
[2025-06-14 10:15:01] Processed 0 files
[2025-06-14 10:15:01] Processed 0 files
[2025-06-14 10:15:01] Processed 0 files
[2025-06-14 10:15:01] Processed 0 files
[2025-06-14 10:15:01] Processed 0 files
[2025-06-14 10:18:02] Processed 0 files
[2025-06-14 10:18:02] Processed 0 files
[2025-06-14 10:20:01] Processed 0 files
[2025-06-14 10:20:01] Processed 0 files
[2025-06-14 10:20:01] Processed 0 files
[2025-06-14 10:20:01] Processed 0 files
[2025-06-14 10:21:01] Processed 0 files
[2025-06-14 10:21:01] Processed 0 files
[2025-06-14 10:24:01] Processed 0 files
[2025-06-14 10:24:01] Processed 0 files
[2025-06-14 10:25:01] Processed 0 files
[2025-06-14 10:25:01] Processed 0 files
[2025-06-14 10:25:01] Processed 0 files
[2025-06-14 10:25:01] Processed 0 files
[2025-06-14 10:27:02] Processed 0 files
[2025-06-14 10:27:02] Processed 0 files
[2025-06-14 10:30:01] Processed 0 files
[2025-06-14 10:30:01] Processed 0 files
[2025-06-14 10:30:01] Processed 0 files
[2025-06-14 10:30:01] Processed 0 files
[2025-06-14 10:30:01] Processed 0 files
[2025-06-14 10:30:01] Processed 0 files
[2025-06-14 10:33:01] Processed 0 files
[2025-06-14 10:33:01] Processed 0 files
[2025-06-14 10:35:01] Processed 0 files
[2025-06-14 10:35:01] Processed 0 files
[2025-06-14 10:35:01] Processed 0 files
[2025-06-14 10:35:01] Processed 0 files
[2025-06-14 10:36:02] Processed 0 files
[2025-06-14 10:36:02] Processed 0 files
[2025-06-14 10:39:01] Processed 0 files
[2025-06-14 10:39:01] Processed 0 files
[2025-06-14 10:40:01] Processed 0 files
[2025-06-14 10:40:01] Processed 0 files
[2025-06-14 10:40:01] Processed 0 files
[2025-06-14 10:40:01] Processed 0 files
[2025-06-14 10:42:01] Processed 0 files
[2025-06-14 10:42:01] Processed 0 files
[2025-06-14 10:45:02] Processed 0 files
[2025-06-14 10:45:02] Processed 0 files
[2025-06-14 10:45:02] Processed 0 files
[2025-06-14 10:45:02] Processed 0 files
[2025-06-14 10:45:02] Processed 0 files
[2025-06-14 10:45:02] Processed 0 files
[2025-06-14 10:48:01] Processed 0 files
[2025-06-14 10:48:01] Processed 0 files
[2025-06-14 10:50:02] Processed 0 files
[2025-06-14 10:50:02] Processed 0 files
[2025-06-14 10:50:02] Processed 0 files
[2025-06-14 10:50:02] Processed 0 files
[2025-06-14 10:51:01] Processed 0 files
[2025-06-14 10:51:01] Processed 0 files
[2025-06-14 10:54:01] Processed 0 files
[2025-06-14 10:54:01] Processed 0 files
[2025-06-14 10:55:01] Processed 0 files
[2025-06-14 10:55:01] Processed 0 files
[2025-06-14 10:55:01] Processed 0 files
[2025-06-14 10:55:01] Processed 0 files
[2025-06-14 10:57:01] Processed 0 files
[2025-06-14 10:57:01] Processed 0 files
[2025-06-14 11:00:01] Processed 0 files
[2025-06-14 11:00:01] Processed 0 files
[2025-06-14 11:00:01] Processed 0 files
[2025-06-14 11:00:01] Processed 0 files
[2025-06-14 11:00:01] Processed 0 files
[2025-06-14 11:00:01] Processed 0 files
[2025-06-14 11:03:02] Processed 0 files
[2025-06-14 11:03:02] Processed 0 files
[2025-06-14 11:05:01] Processed 0 files
[2025-06-14 11:05:01] Processed 0 files
[2025-06-14 11:05:01] Processed 0 files
[2025-06-14 11:05:01] Processed 0 files
[2025-06-14 11:06:02] Processed 0 files
[2025-06-14 11:06:02] Processed 0 files
[2025-06-14 11:09:01] Processed 0 files
[2025-06-14 11:09:01] Processed 0 files
[2025-06-14 11:10:02] Processed 0 files
[2025-06-14 11:10:02] Processed 0 files
[2025-06-14 11:10:02] Processed 0 files
[2025-06-14 11:10:02] Processed 0 files
[2025-06-14 11:12:01] Processed 0 files
[2025-06-14 11:12:01] Processed 0 files
[2025-06-14 11:15:01] Processed 0 files
[2025-06-14 11:15:01] Processed 0 files
[2025-06-14 11:15:01] Processed 0 files
[2025-06-14 11:15:01] Processed 0 files
[2025-06-14 11:15:01] Processed 0 files
[2025-06-14 11:15:01] Processed 0 files
[2025-06-14 11:18:01] Processed 0 files
[2025-06-14 11:18:01] Processed 0 files
[2025-06-14 11:20:02] Processed 0 files
[2025-06-14 11:20:02] Processed 0 files
[2025-06-14 11:20:02] Processed 0 files
[2025-06-14 11:20:02] Processed 0 files
[2025-06-14 11:21:01] Processed 0 files
[2025-06-14 11:21:01] Processed 0 files
[2025-06-14 11:24:02] Processed 0 files
[2025-06-14 11:24:02] Processed 0 files
[2025-06-14 11:25:01] Processed 0 files
[2025-06-14 11:25:01] Processed 0 files
[2025-06-14 11:25:01] Processed 0 files
[2025-06-14 11:25:01] Processed 0 files
[2025-06-14 11:27:01] Processed 0 files
[2025-06-14 11:27:01] Processed 0 files
[2025-06-14 11:30:01] Processed 0 files
[2025-06-14 11:30:01] Processed 0 files
[2025-06-14 11:30:01] Processed 0 files
[2025-06-14 11:30:01] Processed 0 files
[2025-06-14 11:30:01] Processed 0 files
[2025-06-14 11:30:01] Processed 0 files
[2025-06-14 11:33:02] Processed 0 files
[2025-06-14 11:33:02] Processed 0 files
[2025-06-14 11:35:01] Processed 0 files
[2025-06-14 11:35:01] Processed 0 files
[2025-06-14 11:35:01] Processed 0 files
[2025-06-14 11:35:01] Processed 0 files
[2025-06-14 11:36:01] Processed 0 files
[2025-06-14 11:36:01] Processed 0 files
[2025-06-14 11:39:01] Processed 0 files
[2025-06-14 11:39:01] Processed 0 files
[2025-06-14 11:40:02] Processed 0 files
[2025-06-14 11:40:02] Processed 0 files
[2025-06-14 11:40:02] Processed 0 files
[2025-06-14 11:40:02] Processed 0 files
[2025-06-14 11:42:01] Processed 0 files
[2025-06-14 11:42:01] Processed 0 files
[2025-06-14 11:45:02] Processed 0 files
[2025-06-14 11:45:02] Processed 0 files
[2025-06-14 11:45:02] Processed 0 files
[2025-06-14 11:45:02] Processed 0 files
[2025-06-14 11:45:02] Processed 0 files
[2025-06-14 11:45:02] Processed 0 files
[2025-06-14 11:48:02] Processed 0 files
[2025-06-14 11:48:02] Processed 0 files
[2025-06-14 11:50:01] Processed 0 files
[2025-06-14 11:50:01] Processed 0 files
[2025-06-14 11:50:01] Processed 0 files
[2025-06-14 11:50:01] Processed 0 files
[2025-06-14 11:51:01] Processed 0 files
[2025-06-14 11:51:01] Processed 0 files
[2025-06-14 11:54:02] Processed 0 files
[2025-06-14 11:54:02] Processed 0 files
[2025-06-14 11:55:01] Processed 0 files
[2025-06-14 11:55:01] Processed 0 files
[2025-06-14 11:55:01] Processed 0 files
[2025-06-14 11:55:01] Processed 0 files
[2025-06-14 11:57:01] Processed 0 files
[2025-06-14 11:57:01] Processed 0 files
[2025-06-14 12:00:01] Processed 0 files
[2025-06-14 12:00:01] Processed 0 files
[2025-06-14 12:00:01] Processed 0 files
[2025-06-14 12:00:01] Processed 0 files
[2025-06-14 12:00:01] Processed 0 files
[2025-06-14 12:00:01] Processed 0 files
[2025-06-14 12:03:02] Processed 0 files
[2025-06-14 12:03:02] Processed 0 files
[2025-06-14 12:05:01] Processed 0 files
[2025-06-14 12:05:01] Processed 0 files
[2025-06-14 12:05:01] Processed 0 files
[2025-06-14 12:05:01] Processed 0 files
[2025-06-14 12:06:01] Processed 0 files
[2025-06-14 12:06:01] Processed 0 files
[2025-06-14 12:09:02] Processed 0 files
[2025-06-14 12:09:02] Processed 0 files
[2025-06-14 12:10:01] Processed 0 files
[2025-06-14 12:10:01] Processed 0 files
[2025-06-14 12:10:01] Processed 0 files
[2025-06-14 12:10:01] Processed 0 files
[2025-06-14 12:12:02] Processed 0 files
[2025-06-14 12:12:02] Processed 0 files
[2025-06-14 12:15:01] Processed 0 files
[2025-06-14 12:15:01] Processed 0 files
[2025-06-14 12:15:01] Processed 0 files
[2025-06-14 12:15:01] Processed 0 files
[2025-06-14 12:15:01] Processed 0 files
[2025-06-14 12:15:01] Processed 0 files
[2025-06-14 12:18:01] Processed 0 files
[2025-06-14 12:18:02] Processed 0 files
[2025-06-14 12:20:01] Processed 0 files
[2025-06-14 12:20:01] Processed 0 files
[2025-06-14 12:20:01] Processed 0 files
[2025-06-14 12:20:01] Processed 0 files
[2025-06-14 12:21:01] Processed 0 files
[2025-06-14 12:21:01] Processed 0 files
[2025-06-14 12:24:01] Processed 0 files
[2025-06-14 12:24:01] Processed 0 files
[2025-06-14 12:25:02] Processed 0 files
[2025-06-14 12:25:02] Processed 0 files
[2025-06-14 12:25:02] Processed 0 files
[2025-06-14 12:25:02] Processed 0 files
[2025-06-14 12:27:01] Processed 0 files
[2025-06-14 12:27:01] Processed 0 files
[2025-06-14 12:30:02] Processed 0 files
[2025-06-14 12:30:02] Processed 0 files
[2025-06-14 12:30:02] Processed 0 files
[2025-06-14 12:30:02] Processed 0 files
[2025-06-14 12:30:02] Processed 0 files
[2025-06-14 12:30:02] Processed 0 files
[2025-06-14 12:33:02] Processed 0 files
[2025-06-14 12:33:02] Processed 0 files
[2025-06-14 12:35:01] Processed 0 files
[2025-06-14 12:35:01] Processed 0 files
[2025-06-14 12:35:01] Processed 0 files
[2025-06-14 12:35:01] Processed 0 files
[2025-06-14 12:36:02] Processed 0 files
[2025-06-14 12:36:02] Processed 0 files
[2025-06-14 12:39:01] Processed 0 files
[2025-06-14 12:39:01] Processed 0 files
[2025-06-14 12:40:02] Processed 0 files
[2025-06-14 12:40:02] Processed 0 files
[2025-06-14 12:40:02] Processed 0 files
[2025-06-14 12:40:02] Processed 0 files
[2025-06-14 12:42:01] Processed 0 files
[2025-06-14 12:42:01] Processed 0 files
[2025-06-14 12:45:02] Processed 0 files
[2025-06-14 12:45:02] Processed 0 files
[2025-06-14 12:45:02] Processed 0 files
[2025-06-14 12:45:02] Processed 0 files
[2025-06-14 12:45:02] Processed 0 files
[2025-06-14 12:45:02] Processed 0 files
[2025-06-14 12:48:01] Processed 0 files
[2025-06-14 12:48:01] Processed 0 files
[2025-06-14 12:50:02] Processed 0 files
[2025-06-14 12:50:02] Processed 0 files
[2025-06-14 12:50:02] Processed 0 files
[2025-06-14 12:50:02] Processed 0 files
[2025-06-14 12:51:01] Processed 0 files
[2025-06-14 12:51:01] Processed 0 files
[2025-06-14 12:54:01] Processed 0 files
[2025-06-14 12:54:01] Processed 0 files
[2025-06-14 12:55:02] Processed 0 files
[2025-06-14 12:55:02] Processed 0 files
[2025-06-14 12:55:02] Processed 0 files
[2025-06-14 12:55:02] Processed 0 files
[2025-06-14 12:57:01] Processed 0 files
[2025-06-14 12:57:01] Processed 0 files
[2025-06-14 13:00:02] Processed 0 files
[2025-06-14 13:00:02] Processed 0 files
[2025-06-14 13:00:02] Processed 0 files
[2025-06-14 13:00:02] Processed 0 files
[2025-06-14 13:00:02] Processed 0 files
[2025-06-14 13:00:02] Processed 0 files
[2025-06-14 13:03:01] Processed 0 files
[2025-06-14 13:03:01] Processed 0 files
[2025-06-14 13:05:02] Processed 0 files
[2025-06-14 13:05:02] Processed 0 files
[2025-06-14 13:05:02] Processed 0 files
[2025-06-14 13:05:02] Processed 0 files
[2025-06-14 13:06:01] Processed 0 files
[2025-06-14 13:06:01] Processed 0 files
[2025-06-14 13:09:02] Processed 0 files
[2025-06-14 13:09:02] Processed 0 files
[2025-06-14 13:10:01] Processed 0 files
[2025-06-14 13:10:01] Processed 0 files
[2025-06-14 13:10:01] Processed 0 files
[2025-06-14 13:10:01] Processed 0 files
[2025-06-14 13:12:01] Processed 0 files
[2025-06-14 13:12:01] Processed 0 files
[2025-06-14 13:15:01] Processed 0 files
[2025-06-14 13:15:01] Processed 0 files
[2025-06-14 13:15:01] Processed 0 files
[2025-06-14 13:15:01] Processed 0 files
[2025-06-14 13:15:01] Processed 0 files
[2025-06-14 13:15:01] Processed 0 files
[2025-06-14 13:18:01] Processed 0 files
[2025-06-14 13:18:01] Processed 0 files
[2025-06-14 13:20:02] Processed 0 files
[2025-06-14 13:20:02] Processed 0 files
[2025-06-14 13:20:02] Processed 0 files
[2025-06-14 13:20:02] Processed 0 files
[2025-06-14 13:21:01] Processed 0 files
[2025-06-14 13:21:01] Processed 0 files
[2025-06-14 13:24:01] Processed 0 files
[2025-06-14 13:24:01] Processed 0 files
[2025-06-14 13:25:01] Processed 0 files
[2025-06-14 13:25:02] Processed 0 files
[2025-06-14 13:25:02] Processed 0 files
[2025-06-14 13:25:02] Processed 0 files
[2025-06-14 13:27:01] Processed 0 files
[2025-06-14 13:27:01] Processed 0 files
[2025-06-14 13:30:01] Processed 0 files
[2025-06-14 13:30:01] Processed 0 files
[2025-06-14 13:30:01] Processed 0 files
[2025-06-14 13:30:01] Processed 0 files
[2025-06-14 13:30:01] Processed 0 files
[2025-06-14 13:30:01] Processed 0 files
[2025-06-14 13:33:01] Processed 0 files
[2025-06-14 13:33:01] Processed 0 files
[2025-06-14 13:35:01] Processed 0 files
[2025-06-14 13:35:01] Processed 0 files
[2025-06-14 13:35:01] Processed 0 files
[2025-06-14 13:35:01] Processed 0 files
[2025-06-14 13:36:01] Processed 0 files
[2025-06-14 13:36:02] Processed 0 files
[2025-06-14 13:39:01] Processed 0 files
[2025-06-14 13:39:01] Processed 0 files
[2025-06-14 13:40:01] Processed 0 files
[2025-06-14 13:40:01] Processed 0 files
[2025-06-14 13:40:01] Processed 0 files
[2025-06-14 13:40:01] Processed 0 files
[2025-06-14 13:42:01] Processed 0 files
[2025-06-14 13:42:01] Processed 0 files
[2025-06-14 13:45:02] Processed 0 files
[2025-06-14 13:45:02] Processed 0 files
[2025-06-14 13:45:02] Processed 0 files
[2025-06-14 13:45:02] Processed 0 files
[2025-06-14 13:45:02] Processed 0 files
[2025-06-14 13:45:02] Processed 0 files
[2025-06-14 13:48:01] Processed 0 files
[2025-06-14 13:48:01] Processed 0 files
[2025-06-14 13:50:02] Processed 0 files
[2025-06-14 13:50:02] Processed 0 files
[2025-06-14 13:50:02] Processed 0 files
[2025-06-14 13:50:02] Processed 0 files
[2025-06-14 13:51:01] Processed 0 files
[2025-06-14 13:51:01] Processed 0 files
[2025-06-14 13:54:01] Processed 0 files
[2025-06-14 13:54:01] Processed 0 files
[2025-06-14 13:55:01] Processed 0 files
[2025-06-14 13:55:02] Processed 0 files
[2025-06-14 13:55:02] Processed 0 files
[2025-06-14 13:55:02] Processed 0 files
[2025-06-14 13:57:01] Processed 0 files
[2025-06-14 13:57:01] Processed 0 files
[2025-06-14 14:00:02] Processed 0 files
[2025-06-14 14:00:02] Processed 0 files
[2025-06-14 14:00:02] Processed 0 files
[2025-06-14 14:00:02] Processed 0 files
[2025-06-14 14:00:02] Processed 0 files
[2025-06-14 14:00:02] Processed 0 files
[2025-06-14 14:03:01] Processed 0 files
[2025-06-14 14:03:01] Processed 0 files
[2025-06-14 14:05:02] Processed 0 files
[2025-06-14 14:05:02] Processed 0 files
[2025-06-14 14:05:02] Processed 0 files
[2025-06-14 14:05:02] Processed 0 files
[2025-06-14 14:06:01] Processed 0 files
[2025-06-14 14:06:01] Processed 0 files
[2025-06-14 14:09:02] Processed 0 files
[2025-06-14 14:09:02] Processed 0 files
[2025-06-14 14:10:01] Processed 0 files
[2025-06-14 14:10:01] Processed 0 files
[2025-06-14 14:10:01] Processed 0 files
[2025-06-14 14:10:01] Processed 0 files
[2025-06-14 14:12:01] Processed 0 files
[2025-06-14 14:12:01] Processed 0 files
[2025-06-14 14:15:01] Processed 0 files
[2025-06-14 14:15:01] Processed 0 files
[2025-06-14 14:15:01] Processed 0 files
[2025-06-14 14:15:01] Processed 0 files
[2025-06-14 14:15:01] Processed 0 files
[2025-06-14 14:15:01] Processed 0 files
[2025-06-14 14:18:01] Processed 0 files
[2025-06-14 14:18:01] Processed 0 files
[2025-06-14 14:20:01] Processed 0 files
[2025-06-14 14:20:01] Processed 0 files
[2025-06-14 14:20:01] Processed 0 files
[2025-06-14 14:20:01] Processed 0 files
[2025-06-14 14:21:01] Processed 0 files
[2025-06-14 14:21:01] Processed 0 files
[2025-06-14 14:24:01] Processed 0 files
[2025-06-14 14:24:02] Processed 0 files
[2025-06-14 14:25:01] Processed 0 files
[2025-06-14 14:25:01] Processed 0 files
[2025-06-14 14:25:01] Processed 0 files
[2025-06-14 14:25:01] Processed 0 files
[2025-06-14 14:27:01] Processed 0 files
[2025-06-14 14:27:01] Processed 0 files
[2025-06-14 14:30:02] Processed 0 files
[2025-06-14 14:30:02] Processed 0 files
[2025-06-14 14:30:02] Processed 0 files
[2025-06-14 14:30:02] Processed 0 files
[2025-06-14 14:30:02] Processed 0 files
[2025-06-14 14:30:02] Processed 0 files
[2025-06-14 14:33:01] Processed 0 files
[2025-06-14 14:33:01] Processed 0 files
[2025-06-14 14:35:01] Processed 0 files
[2025-06-14 14:35:01] Processed 0 files
[2025-06-14 14:35:01] Processed 0 files
[2025-06-14 14:35:01] Processed 0 files
[2025-06-14 14:36:01] Processed 0 files
[2025-06-14 14:36:01] Processed 0 files
[2025-06-14 14:39:02] Processed 0 files
[2025-06-14 14:39:02] Processed 0 files
[2025-06-14 14:40:01] Processed 0 files
[2025-06-14 14:40:01] Processed 0 files
[2025-06-14 14:40:01] Processed 0 files
[2025-06-14 14:40:01] Processed 0 files
[2025-06-14 14:42:01] Processed 0 files
[2025-06-14 14:42:01] Processed 0 files
[2025-06-14 14:45:02] Processed 0 files
[2025-06-14 14:45:02] Processed 0 files
[2025-06-14 14:45:02] Processed 0 files
[2025-06-14 14:45:02] Processed 0 files
[2025-06-14 14:45:02] Processed 0 files
[2025-06-14 14:45:02] Processed 0 files
[2025-06-14 14:48:01] Processed 0 files
[2025-06-14 14:48:01] Processed 0 files
[2025-06-14 14:50:02] Processed 0 files
[2025-06-14 14:50:02] Processed 0 files
[2025-06-14 14:50:02] Processed 0 files
[2025-06-14 14:50:02] Processed 0 files
[2025-06-14 14:51:01] Processed 0 files
[2025-06-14 14:51:01] Processed 0 files
[2025-06-14 14:54:01] Processed 0 files
[2025-06-14 14:54:01] Processed 0 files
[2025-06-14 14:55:01] Processed 0 files
[2025-06-14 14:55:02] Processed 0 files
[2025-06-14 14:55:02] Processed 0 files
[2025-06-14 14:55:02] Processed 0 files
[2025-06-14 14:57:01] Processed 0 files
[2025-06-14 14:57:01] Processed 0 files
[2025-06-14 15:00:01] Processed 0 files
[2025-06-14 15:00:01] Processed 0 files
[2025-06-14 15:00:01] Processed 0 files
[2025-06-14 15:00:01] Processed 0 files
[2025-06-14 15:00:01] Processed 0 files
[2025-06-14 15:00:01] Processed 0 files
[2025-06-14 15:03:01] Processed 0 files
[2025-06-14 15:03:01] Processed 0 files
[2025-06-14 15:05:01] Processed 0 files
[2025-06-14 15:05:01] Processed 0 files
[2025-06-14 15:05:01] Processed 0 files
[2025-06-14 15:05:01] Processed 0 files
[2025-06-14 15:06:01] Processed 0 files
[2025-06-14 15:06:01] Processed 0 files
[2025-06-14 15:09:02] Processed 0 files
[2025-06-14 15:09:02] Processed 0 files
[2025-06-14 15:10:01] Processed 0 files
[2025-06-14 15:10:01] Processed 0 files
[2025-06-14 15:10:01] Processed 0 files
[2025-06-14 15:10:01] Processed 0 files
[2025-06-14 15:12:02] Processed 0 files
[2025-06-14 15:12:02] Processed 0 files
[2025-06-14 08:45:02] Processed 0 files
[2025-06-14 08:45:02] Processed 0 files
[2025-06-14 08:45:02] Processed 0 files
[2025-06-14 08:45:02] Processed 0 files
[2025-06-14 08:45:02] Processed 0 files
[2025-06-14 08:45:02] Processed 0 files
[2025-06-14 08:48:01] Processed 0 files
[2025-06-14 08:48:01] Processed 0 files
[2025-06-14 08:50:02] Processed 0 files
[2025-06-14 08:50:02] Processed 0 files
[2025-06-14 08:50:02] Processed 0 files
[2025-06-14 08:50:02] Processed 0 files
[2025-06-14 08:51:01] Processed 0 files
[2025-06-14 08:51:01] Processed 0 files
[2025-06-14 12:54:01] Processed 0 files
[2025-06-14 12:54:01] Processed 0 files
[2025-06-14 12:55:01] Processed 0 files
[2025-06-14 12:55:01] Processed 0 files
[2025-06-14 12:55:01] Processed 0 files
[2025-06-14 12:55:01] Processed 0 files
[2025-06-14 12:57:02] Processed 0 files
[2025-06-14 12:57:02] Processed 0 files
[2025-06-14 13:00:03] Processed 0 files
[2025-06-14 13:00:03] Processed 0 files
[2025-06-14 13:00:03] Processed 0 files
[2025-06-14 13:00:03] Processed 0 files
[2025-06-14 13:00:03] Processed 0 files
[2025-06-14 13:00:03] Processed 0 files
[2025-06-14 13:03:01] Processed 0 files
[2025-06-14 13:03:01] Processed 0 files
[2025-06-14 13:05:01] Processed 0 files
[2025-06-14 13:05:02] Processed 0 files
[2025-06-14 13:05:02] Processed 0 files
[2025-06-14 13:05:02] Processed 0 files
[2025-06-14 13:06:02] Processed 0 files
[2025-06-14 13:06:02] Processed 0 files
[2025-06-14 13:09:03] Processed 0 files
[2025-06-14 13:09:03] Processed 0 files
[2025-06-14 13:10:02] Processed 0 files
[2025-06-14 13:10:02] Processed 0 files
[2025-06-14 13:10:02] Processed 0 files
[2025-06-14 13:10:02] Processed 0 files
[2025-06-14 13:12:02] Processed 0 files
[2025-06-14 13:12:02] Processed 0 files
[2025-06-14 13:15:01] Processed 0 files
[2025-06-14 13:15:01] Processed 0 files
[2025-06-14 13:15:01] Processed 0 files
[2025-06-14 13:15:01] Processed 0 files
[2025-06-14 13:15:01] Processed 0 files
[2025-06-14 13:15:02] Processed 0 files
[2025-06-14 13:18:01] Processed 0 files
[2025-06-14 13:18:02] Processed 0 files
[2025-06-14 13:20:01] Processed 0 files
[2025-06-14 13:20:01] Processed 0 files
[2025-06-14 13:20:01] Processed 0 files
[2025-06-14 13:20:01] Processed 0 files
[2025-06-14 13:21:02] Processed 0 files
[2025-06-14 13:21:02] Processed 0 files
[2025-06-14 13:24:02] Processed 0 files
[2025-06-14 13:24:02] Processed 0 files
[2025-06-14 13:25:02] Processed 0 files
[2025-06-14 13:25:02] Processed 0 files
[2025-06-14 13:25:02] Processed 0 files
[2025-06-14 13:25:02] Processed 0 files
[2025-06-14 13:27:01] Processed 0 files
[2025-06-14 13:27:01] Processed 0 files
[2025-06-14 13:30:01] Processed 0 files
[2025-06-14 13:30:02] Processed 0 files
[2025-06-14 13:30:02] Processed 0 files
[2025-06-14 13:30:02] Processed 0 files
[2025-06-14 13:30:02] Processed 0 files
[2025-06-14 13:30:02] Processed 0 files
[2025-06-14 13:33:01] Processed 0 files
[2025-06-14 13:33:01] Processed 0 files
[2025-06-14 13:35:01] Processed 0 files
[2025-06-14 13:35:01] Processed 0 files
[2025-06-14 13:35:01] Processed 0 files
[2025-06-14 13:35:01] Processed 0 files
[2025-06-14 13:36:01] Processed 0 files
[2025-06-14 13:36:01] Processed 0 files
[2025-06-14 13:39:01] Processed 0 files
[2025-06-14 13:39:01] Processed 0 files
[2025-06-14 13:40:01] Processed 0 files
[2025-06-14 13:40:01] Processed 0 files
[2025-06-14 13:40:01] Processed 0 files
[2025-06-14 13:40:01] Processed 0 files
[2025-06-14 13:42:02] Processed 0 files
[2025-06-14 13:42:02] Processed 0 files
[2025-06-14 13:45:01] Processed 0 files
[2025-06-14 13:45:01] Processed 0 files
[2025-06-14 13:45:01] Processed 0 files
[2025-06-14 13:45:01] Processed 0 files
[2025-06-14 13:45:01] Processed 0 files
[2025-06-14 13:45:01] Processed 0 files
[2025-06-14 13:48:02] Processed 0 files
[2025-06-14 13:48:02] Processed 0 files
[2025-06-14 13:50:01] Processed 0 files
[2025-06-14 13:50:01] Processed 0 files
[2025-06-14 13:50:01] Processed 0 files
[2025-06-14 13:50:01] Processed 0 files
[2025-06-14 13:51:01] Processed 0 files
[2025-06-14 13:51:01] Processed 0 files
[2025-06-14 13:54:02] Processed 0 files
[2025-06-14 13:54:02] Processed 0 files
[2025-06-14 13:55:01] Processed 0 files
[2025-06-14 13:55:01] Processed 0 files
[2025-06-14 13:55:01] Processed 0 files
[2025-06-14 13:55:01] Processed 0 files
[2025-06-14 13:57:01] Processed 0 files
[2025-06-14 13:57:01] Processed 0 files
[2025-06-14 14:00:02] Processed 0 files
[2025-06-14 14:00:02] Processed 0 files
[2025-06-14 14:00:02] Processed 0 files
[2025-06-14 14:00:02] Processed 0 files
[2025-06-14 14:00:02] Processed 0 files
[2025-06-14 14:00:02] Processed 0 files
[2025-06-14 14:03:01] Processed 0 files
[2025-06-14 14:03:01] Processed 0 files
[2025-06-14 14:05:02] Processed 0 files
[2025-06-14 14:05:02] Processed 0 files
[2025-06-14 14:05:02] Processed 0 files
[2025-06-14 14:05:02] Processed 0 files
[2025-06-14 14:06:01] Processed 0 files
[2025-06-14 14:06:01] Processed 0 files
[2025-06-14 14:09:01] Processed 0 files
[2025-06-14 14:09:01] Processed 0 files
[2025-06-14 14:10:02] Processed 0 files
[2025-06-14 14:10:02] Processed 0 files
[2025-06-14 14:10:02] Processed 0 files
[2025-06-14 14:10:02] Processed 0 files
[2025-06-14 14:12:01] Processed 0 files
[2025-06-14 14:12:01] Processed 0 files
[2025-06-14 14:15:01] Processed 0 files
[2025-06-14 14:15:01] Processed 0 files
[2025-06-14 14:15:01] Processed 0 files
[2025-06-14 14:15:01] Processed 0 files
[2025-06-14 14:15:01] Processed 0 files
[2025-06-14 14:15:01] Processed 0 files
[2025-06-14 14:18:01] Processed 0 files
[2025-06-14 14:18:01] Processed 0 files
[2025-06-14 14:20:01] Processed 0 files
[2025-06-14 14:20:01] Processed 0 files
[2025-06-14 14:20:01] Processed 0 files
[2025-06-14 14:20:01] Processed 0 files
[2025-06-14 14:21:01] Processed 0 files
[2025-06-14 14:21:01] Processed 0 files
[2025-06-14 14:24:01] Processed 0 files
[2025-06-14 14:24:01] Processed 0 files
[2025-06-14 14:25:01] Processed 0 files
[2025-06-14 14:25:01] Processed 0 files
[2025-06-14 14:25:01] Processed 0 files
[2025-06-14 14:25:01] Processed 0 files
[2025-06-14 14:27:01] Processed 0 files
[2025-06-14 14:27:01] Processed 0 files
[2025-06-14 14:30:02] Processed 0 files
[2025-06-14 14:30:02] Processed 0 files
[2025-06-14 14:30:02] Processed 0 files
[2025-06-14 14:30:02] Processed 0 files
[2025-06-14 14:30:02] Processed 0 files
[2025-06-14 14:30:02] Processed 0 files
[2025-06-14 14:33:01] Processed 0 files
[2025-06-14 14:33:01] Processed 0 files
[2025-06-14 14:35:02] Processed 0 files
[2025-06-14 14:35:02] Processed 0 files
[2025-06-14 14:35:02] Processed 0 files
[2025-06-14 14:35:02] Processed 0 files
[2025-06-14 14:36:01] Processed 0 files
[2025-06-14 14:36:01] Processed 0 files
[2025-06-14 14:39:01] Processed 0 files
[2025-06-14 14:39:01] Processed 0 files
[2025-06-14 14:40:02] Processed 0 files
[2025-06-14 14:40:02] Processed 0 files
[2025-06-14 14:40:02] Processed 0 files
[2025-06-14 14:40:02] Processed 0 files
[2025-06-14 14:42:01] Processed 0 files
[2025-06-14 14:42:01] Processed 0 files
[2025-06-14 14:45:01] Processed 0 files
[2025-06-14 14:45:01] Processed 0 files
[2025-06-14 14:45:01] Processed 0 files
[2025-06-14 14:45:02] Processed 0 files
[2025-06-14 14:45:02] Processed 0 files
[2025-06-14 14:45:02] Processed 0 files
[2025-06-14 14:48:01] Processed 0 files
[2025-06-14 14:48:01] Processed 0 files
[2025-06-14 14:50:01] Processed 0 files
[2025-06-14 14:50:01] Processed 0 files
[2025-06-14 14:50:01] Processed 0 files
[2025-06-14 14:50:01] Processed 0 files
[2025-06-14 14:51:01] Processed 0 files
[2025-06-14 14:51:01] Processed 0 files
[2025-06-14 14:54:01] Processed 0 files
[2025-06-14 14:54:01] Processed 0 files
[2025-06-14 14:55:01] Processed 0 files
[2025-06-14 14:55:01] Processed 0 files
[2025-06-14 14:55:01] Processed 0 files
[2025-06-14 14:55:01] Processed 0 files
[2025-06-14 14:57:01] Processed 0 files
[2025-06-14 14:57:01] Processed 0 files
[2025-06-14 15:00:01] Processed 0 files
[2025-06-14 15:00:01] Processed 0 files
[2025-06-14 15:00:01] Processed 0 files
[2025-06-14 15:00:01] Processed 0 files
[2025-06-14 15:00:01] Processed 0 files
[2025-06-14 15:00:01] Processed 0 files
[2025-06-14 15:03:01] Processed 0 files
[2025-06-14 15:03:01] Processed 0 files
[2025-06-14 15:05:02] Processed 0 files
[2025-06-14 15:05:02] Processed 0 files
[2025-06-14 15:05:02] Processed 0 files
[2025-06-14 15:05:02] Processed 0 files
[2025-06-14 15:06:01] Processed 0 files
[2025-06-14 15:06:01] Processed 0 files
[2025-06-14 15:09:01] Processed 0 files
[2025-06-14 15:09:01] Processed 0 files
[2025-06-14 15:10:02] Processed 0 files
[2025-06-14 15:10:02] Processed 0 files
[2025-06-14 15:10:02] Processed 0 files
[2025-06-14 15:10:02] Processed 0 files
[2025-06-14 15:12:01] Processed 0 files
[2025-06-14 15:12:01] Processed 0 files
[2025-06-14 15:15:01] Processed 0 files
[2025-06-14 15:15:01] Processed 0 files
[2025-06-14 15:15:02] Processed 0 files
[2025-06-14 15:15:02] Processed 0 files
[2025-06-14 15:15:02] Processed 0 files
[2025-06-14 15:15:02] Processed 0 files
[2025-06-14 15:18:01] Processed 0 files
[2025-06-14 15:18:01] Processed 0 files
[2025-06-14 15:20:01] Processed 0 files
[2025-06-14 15:20:01] Processed 0 files
[2025-06-14 15:20:01] Processed 0 files
[2025-06-14 15:20:01] Processed 0 files
[2025-06-14 15:21:02] Processed 0 files
[2025-06-14 15:21:02] Processed 0 files
[2025-06-14 15:24:01] Processed 0 files
[2025-06-14 15:24:01] Processed 0 files
[2025-06-14 15:25:01] Processed 0 files
[2025-06-14 15:25:01] Processed 0 files
[2025-06-14 15:25:01] Processed 0 files
[2025-06-14 15:25:01] Processed 0 files
[2025-06-14 15:27:02] Processed 0 files
[2025-06-14 15:27:02] Processed 0 files
[2025-06-14 15:30:01] Processed 0 files
[2025-06-14 15:30:01] Processed 0 files
[2025-06-14 15:30:01] Processed 0 files
[2025-06-14 15:30:01] Processed 0 files
[2025-06-14 15:30:01] Processed 0 files
[2025-06-14 15:30:01] Processed 0 files
[2025-06-14 15:33:01] Processed 0 files
[2025-06-14 15:33:01] Processed 0 files
[2025-06-14 15:35:01] Processed 0 files
[2025-06-14 15:35:01] Processed 0 files
[2025-06-14 15:35:01] Processed 0 files
[2025-06-14 15:35:01] Processed 0 files
[2025-06-14 15:36:01] Processed 0 files
[2025-06-14 15:36:01] Processed 0 files
[2025-06-14 15:39:01] Processed 0 files
[2025-06-14 15:39:01] Processed 0 files
[2025-06-14 15:40:02] Processed 0 files
[2025-06-14 15:40:02] Processed 0 files
[2025-06-14 15:40:02] Processed 0 files
[2025-06-14 15:40:02] Processed 0 files
[2025-06-14 15:42:01] Processed 0 files
[2025-06-14 15:42:01] Processed 0 files
[2025-06-14 15:45:02] Processed 0 files
[2025-06-14 15:45:02] Processed 0 files
[2025-06-14 15:45:02] Processed 0 files
[2025-06-14 15:45:02] Processed 0 files
[2025-06-14 15:45:02] Processed 0 files
[2025-06-14 15:45:02] Processed 0 files
[2025-06-14 15:48:01] Processed 0 files
[2025-06-14 15:48:01] Processed 0 files
[2025-06-14 15:50:01] Processed 0 files
[2025-06-14 15:50:01] Processed 0 files
[2025-06-14 15:50:01] Processed 0 files
[2025-06-14 15:50:01] Processed 0 files
[2025-06-14 15:51:01] Processed 0 files
[2025-06-14 15:51:01] Processed 0 files
[2025-06-14 15:54:01] Processed 0 files
[2025-06-14 15:54:01] Processed 0 files
[2025-06-14 15:55:01] Processed 0 files
[2025-06-14 15:55:01] Processed 0 files
[2025-06-14 15:55:01] Processed 0 files
[2025-06-14 15:55:01] Processed 0 files
[2025-06-14 15:57:02] Processed 0 files
[2025-06-14 15:57:02] Processed 0 files
[2025-06-14 16:00:01] Processed 0 files
[2025-06-14 16:00:01] Processed 0 files
[2025-06-14 16:00:01] Processed 0 files
[2025-06-14 16:00:01] Processed 0 files
[2025-06-14 16:00:01] Processed 0 files
[2025-06-14 16:00:01] Processed 0 files
[2025-06-14 16:03:02] Processed 0 files
[2025-06-14 16:03:02] Processed 0 files
[2025-06-14 16:05:01] Processed 0 files
[2025-06-14 16:05:01] Processed 0 files
[2025-06-14 16:05:01] Processed 0 files
[2025-06-14 16:05:01] Processed 0 files
[2025-06-14 16:06:01] Processed 0 files
[2025-06-14 16:06:01] Processed 0 files
[2025-06-14 16:09:02] Processed 0 files
[2025-06-14 16:09:02] Processed 0 files
[2025-06-14 16:10:01] Processed 0 files
[2025-06-14 16:10:01] Processed 0 files
[2025-06-14 16:10:01] Processed 0 files
[2025-06-14 16:10:01] Processed 0 files
[2025-06-14 16:12:01] Processed 0 files
[2025-06-14 16:12:01] Processed 0 files
[2025-06-14 16:15:02] Processed 0 files
[2025-06-14 16:15:02] Processed 0 files
[2025-06-14 16:15:02] Processed 0 files
[2025-06-14 16:15:02] Processed 0 files
[2025-06-14 16:15:02] Processed 0 files
[2025-06-14 16:15:02] Processed 0 files
[2025-06-14 16:18:01] Processed 0 files
[2025-06-14 16:18:01] Processed 0 files
[2025-06-14 16:20:01] Processed 0 files
[2025-06-14 16:20:01] Processed 0 files
[2025-06-14 16:20:02] Processed 0 files
[2025-06-14 16:20:02] Processed 0 files
[2025-06-14 16:21:01] Processed 0 files
[2025-06-14 16:21:01] Processed 0 files
[2025-06-14 16:24:01] Processed 0 files
[2025-06-14 16:24:01] Processed 0 files
[2025-06-14 16:25:01] Processed 0 files
[2025-06-14 16:25:01] Processed 0 files
[2025-06-14 16:25:01] Processed 0 files
[2025-06-14 16:25:01] Processed 0 files
[2025-06-14 16:27:01] Processed 0 files
[2025-06-14 16:27:01] Processed 0 files
[2025-06-14 16:30:01] Processed 0 files
[2025-06-14 16:30:01] Processed 0 files
[2025-06-14 16:30:02] Processed 0 files
[2025-06-14 16:30:02] Processed 0 files
[2025-06-14 16:30:02] Processed 0 files
[2025-06-14 16:30:02] Processed 0 files
[2025-06-14 16:33:01] Processed 0 files
[2025-06-14 16:33:01] Processed 0 files
[2025-06-14 16:35:02] Processed 0 files
[2025-06-14 16:35:02] Processed 0 files
[2025-06-14 16:35:02] Processed 0 files
[2025-06-14 16:35:02] Processed 0 files
[2025-06-14 16:36:02] Processed 0 files
[2025-06-14 16:36:02] Processed 0 files
[2025-06-14 16:39:02] Processed 0 files
[2025-06-14 16:39:02] Processed 0 files
[2025-06-14 16:40:02] Processed 0 files
[2025-06-14 16:40:02] Processed 0 files
[2025-06-14 16:40:02] Processed 0 files
[2025-06-14 16:40:02] Processed 0 files
[2025-06-14 16:42:01] Processed 0 files
[2025-06-14 16:42:01] Processed 0 files
[2025-06-14 16:45:02] Processed 0 files
[2025-06-14 16:45:02] Processed 0 files
[2025-06-14 16:45:02] Processed 0 files
[2025-06-14 16:45:02] Processed 0 files
[2025-06-14 16:45:02] Processed 0 files
[2025-06-14 16:45:02] Processed 0 files
[2025-06-14 16:48:01] Processed 0 files
[2025-06-14 16:48:01] Processed 0 files
[2025-06-14 16:50:01] Processed 0 files
[2025-06-14 16:50:01] Processed 0 files
[2025-06-14 16:50:01] Processed 0 files
[2025-06-14 16:50:02] Processed 0 files
[2025-06-14 16:51:01] Processed 0 files
[2025-06-14 16:51:01] Processed 0 files
[2025-06-14 16:54:01] Processed 0 files
[2025-06-14 16:54:01] Processed 0 files
[2025-06-14 16:55:01] Processed 0 files
[2025-06-14 16:55:01] Processed 0 files
[2025-06-14 16:55:01] Processed 0 files
[2025-06-14 16:55:01] Processed 0 files
[2025-06-14 16:57:02] Processed 0 files
[2025-06-14 16:57:02] Processed 0 files
[2025-06-14 17:00:01] Processed 0 files
[2025-06-14 17:00:01] Processed 0 files
[2025-06-14 17:00:01] Processed 0 files
[2025-06-14 17:00:01] Processed 0 files
[2025-06-14 17:00:01] Processed 0 files
[2025-06-14 17:00:01] Processed 0 files
[2025-06-14 17:03:02] Processed 0 files
[2025-06-14 17:03:02] Processed 0 files
[2025-06-14 08:42:02] Processed 0 files
[2025-06-14 08:42:02] Processed 0 files
[2025-06-14 08:45:02] Processed 0 files
[2025-06-14 08:45:02] Processed 0 files
[2025-06-14 08:45:02] Processed 0 files
[2025-06-14 08:45:02] Processed 0 files
[2025-06-14 08:45:02] Processed 0 files
[2025-06-14 08:45:02] Processed 0 files
[2025-06-14 08:48:01] Processed 0 files
[2025-06-14 08:48:01] Processed 0 files
[2025-06-14 08:50:02] Processed 0 files
[2025-06-14 08:50:02] Processed 0 files
[2025-06-14 08:50:02] Processed 0 files
[2025-06-14 08:50:02] Processed 0 files
[2025-06-14 08:51:01] Processed 0 files
[2025-06-14 08:51:01] Processed 0 files
[2025-06-14 08:54:01] Processed 0 files
[2025-06-14 08:54:01] Processed 0 files
[2025-06-14 08:55:02] Processed 0 files
[2025-06-14 08:55:02] Processed 0 files
[2025-06-14 08:55:02] Processed 0 files
[2025-06-14 08:55:02] Processed 0 files
[2025-06-14 08:57:01] Processed 0 files
[2025-06-14 08:57:01] Processed 0 files
[2025-06-14 09:00:01] Processed 0 files
[2025-06-14 09:00:01] Processed 0 files
[2025-06-14 09:00:01] Processed 0 files
[2025-06-14 09:00:01] Processed 0 files
[2025-06-14 09:00:01] Processed 0 files
[2025-06-14 09:00:01] Processed 0 files
[2025-06-14 09:03:02] Processed 0 files
[2025-06-14 09:03:02] Processed 0 files
[2025-06-14 09:05:01] Processed 0 files
[2025-06-14 09:05:01] Processed 0 files
[2025-06-14 09:05:01] Processed 0 files
[2025-06-14 09:05:01] Processed 0 files
[2025-06-17 10:27:02] Processed 0 files
[2025-06-17 10:27:03] Processed 0 files
[2025-06-17 10:30:02] Processed 0 files
[2025-06-17 10:30:02] Processed 0 files
[2025-06-17 10:30:02] Processed 0 files
[2025-06-17 10:30:02] Processed 0 files
[2025-06-17 10:30:02] Processed 0 files
[2025-06-17 10:30:03] Processed 0 files
[2025-06-17 10:33:02] Processed 0 files
[2025-06-17 10:33:03] Processed 0 files
[2025-06-17 10:35:02] Processed 0 files
[2025-06-17 10:35:02] Processed 0 files
[2025-06-17 10:35:02] Processed 0 files
[2025-06-17 10:35:02] Processed 0 files
[2025-06-17 10:36:03] Processed 0 files
[2025-06-17 10:36:03] Processed 0 files
[2025-06-17 10:39:02] Processed 0 files
[2025-06-17 10:39:02] Processed 0 files
[2025-06-17 10:40:02] Processed 0 files
[2025-06-17 10:40:02] Processed 0 files
[2025-06-17 10:40:02] Processed 0 files
[2025-06-17 10:40:02] Processed 0 files
[2025-06-17 10:42:01] Processed 0 files
[2025-06-17 10:42:01] Processed 0 files
[2025-06-17 10:45:04] Processed 0 files
[2025-06-17 10:45:05] Processed 0 files
[2025-06-17 10:45:06] Processed 0 files
[2025-06-17 10:45:08] Processed 0 files
[2025-06-17 10:45:14] Processed 0 files
[2025-06-17 10:45:17] Processed 0 files
[2025-06-17 10:48:08] Processed 0 files
[2025-06-17 10:48:10] Processed 0 files
[2025-06-17 10:50:03] Processed 0 files
[2025-06-17 10:50:03] Processed 0 files
[2025-06-17 10:50:03] Processed 0 files
[2025-06-17 10:50:03] Processed 0 files
[2025-06-17 10:51:08] Processed 0 files
[2025-06-17 10:51:12] Processed 0 files
[2025-06-17 10:54:02] Processed 0 files
[2025-06-17 10:54:02] Processed 0 files
[2025-06-17 10:55:03] Processed 0 files
[2025-06-17 10:55:03] Processed 0 files
[2025-06-17 10:55:03] Processed 0 files
[2025-06-17 10:55:04] Processed 0 files
[2025-06-17 10:57:02] Processed 0 files
[2025-06-17 10:57:02] Processed 0 files
[2025-06-17 11:00:03] Processed 0 files
[2025-06-17 11:00:03] Processed 0 files
[2025-06-17 11:00:03] Processed 0 files
[2025-06-17 11:00:03] Processed 0 files
[2025-06-17 11:00:03] Processed 0 files
[2025-06-17 11:00:03] Processed 0 files
[2025-06-17 11:03:05] Processed 0 files
[2025-06-17 11:03:05] Processed 0 files
[2025-06-17 11:05:02] Processed 0 files
[2025-06-17 11:05:02] Processed 0 files
[2025-06-17 11:05:02] Processed 0 files
[2025-06-17 11:05:04] Processed 0 files
[2025-06-17 11:06:02] Processed 0 files
[2025-06-17 11:06:04] Processed 0 files
[2025-06-17 11:09:02] Processed 0 files
[2025-06-17 11:09:03] Processed 0 files
[2025-06-17 11:10:03] Processed 0 files
[2025-06-17 11:10:04] Processed 0 files
[2025-06-17 11:10:04] Processed 0 files
[2025-06-17 11:10:04] Processed 0 files
[2025-06-17 11:12:08] Processed 0 files
[2025-06-17 11:12:09] Processed 0 files
[2025-06-17 11:15:03] Processed 0 files
[2025-06-17 11:15:03] Processed 0 files
[2025-06-17 11:15:04] Processed 0 files
[2025-06-17 11:15:04] Processed 0 files
[2025-06-17 11:15:04] Processed 0 files
[2025-06-17 11:15:04] Processed 0 files
[2025-06-17 11:18:02] Processed 0 files
[2025-06-17 11:18:02] Processed 0 files
[2025-06-17 11:20:02] Processed 0 files
[2025-06-17 11:20:02] Processed 0 files
[2025-06-17 11:20:02] Processed 0 files
[2025-06-17 11:20:02] Processed 0 files
[2025-06-17 11:21:02] Processed 0 files
[2025-06-17 11:21:02] Processed 0 files
[2025-06-17 11:24:02] Processed 0 files
[2025-06-17 11:24:02] Processed 0 files
[2025-06-17 11:25:03] Processed 0 files
[2025-06-17 11:25:03] Processed 0 files
[2025-06-17 11:25:03] Processed 0 files
[2025-06-17 11:25:03] Processed 0 files
[2025-06-17 11:27:02] Processed 0 files
[2025-06-17 11:27:02] Processed 0 files
[2025-06-17 11:30:03] Processed 0 files
[2025-06-17 11:30:03] Processed 0 files
[2025-06-17 11:30:03] Processed 0 files
[2025-06-17 11:30:03] Processed 0 files
[2025-06-17 11:30:03] Processed 0 files
[2025-06-17 11:30:03] Processed 0 files
[2025-06-17 11:33:04] Processed 0 files
[2025-06-17 11:33:09] Processed 0 files
[2025-06-17 11:35:02] Processed 0 files
[2025-06-17 11:35:02] Processed 0 files
[2025-06-17 11:35:02] Processed 0 files
[2025-06-17 11:35:02] Processed 0 files
[2025-06-17 11:36:02] Processed 0 files
[2025-06-17 11:36:02] Processed 0 files
[2025-06-17 11:39:11] Processed 0 files
[2025-06-17 11:40:03] Processed 0 files
[2025-06-17 11:40:03] Processed 0 files
[2025-06-17 11:40:03] Processed 0 files
[2025-06-17 11:40:03] Processed 0 files
[2025-06-17 11:42:02] Processed 0 files
[2025-06-17 11:42:11] Processed 0 files
[2025-06-17 11:45:03] Processed 0 files
[2025-06-17 11:45:03] Processed 0 files
[2025-06-17 11:45:03] Processed 0 files
[2025-06-17 11:45:03] Processed 0 files
[2025-06-17 11:45:03] Processed 0 files
[2025-06-17 11:45:03] Processed 0 files
[2025-06-17 11:48:03] Processed 0 files
[2025-06-17 11:48:17] Processed 0 files
[2025-06-17 11:50:02] Processed 0 files
[2025-06-17 11:50:02] Processed 0 files
[2025-06-17 11:50:02] Processed 0 files
[2025-06-17 11:50:03] Processed 0 files
[2025-06-17 11:51:02] Processed 0 files
[2025-06-17 11:51:02] Processed 0 files
[2025-06-17 11:54:02] Processed 0 files
[2025-06-17 11:54:02] Processed 0 files
